-- The C compiler identification is GNU 9.4.0
-- The CXX compiler identification is GNU 9.4.0
-- Check for working C compiler: /usr/bin/cc
-- Check for working C compiler: /usr/bin/cc -- works
-- Detecting C compiler ABI info
-- Detecting C compiler ABI info - done
-- Detecting C compile features
-- Detecting C compile features - done
-- Check for working CXX compiler: /usr/bin/c++
-- Check for working CXX compiler: /usr/bin/c++ -- works
-- Detecting CXX compiler ABI info
-- Detecting CXX compiler ABI info - done
-- Detecting CXX compile features
-- Detecting CXX compile features - done
-- Found ament_cmake: 0.9.12 (/opt/ros/foxy/share/ament_cmake/cmake)
-- Found PythonInterp: /usr/bin/python3 (found suitable version "3.8.10", minimum required is "3") 
-- Using PYTHON_EXECUTABLE: /usr/bin/python3
-- Found rclpy: 1.0.13 (/opt/ros/foxy/share/rclpy/cmake)
-- Found rosidl_default_generators: 1.0.1 (/opt/ros/foxy/share/rosidl_default_generators/cmake)
-- Using all available rosidl_typesupport_c: rosidl_typesupport_fastrtps_c;rosidl_typesupport_introspection_c
-- Found rosidl_adapter: 1.3.1 (/opt/ros/foxy/share/rosidl_adapter/cmake)
-- Found OpenSSL: /usr/lib/x86_64-linux-gnu/libcrypto.so (found version "1.1.1f")  
-- Found FastRTPS: /opt/ros/foxy/include  
-- Using all available rosidl_typesupport_cpp: rosidl_typesupport_fastrtps_cpp;rosidl_typesupport_introspection_cpp
-- Found PythonInterp: /usr/bin/python3 (found version "3.8.10") 
-- Found ament_cmake_ros: 0.9.2 (/opt/ros/foxy/share/ament_cmake_ros/cmake)
-- Using all available rosidl_typesupport_c: rosidl_typesupport_fastrtps_c;rosidl_typesupport_introspection_c
-- Using all available rosidl_typesupport_cpp: rosidl_typesupport_fastrtps_cpp;rosidl_typesupport_introspection_cpp
-- Found PythonInterp: /usr/bin/python3 (found suitable version "3.8.10", minimum required is "3.5") 
-- Found python_cmake_module: 0.8.1 (/opt/ros/foxy/share/python_cmake_module/cmake)
-- Found PythonLibs: /usr/lib/x86_64-linux-gnu/libpython3.8.so (found suitable version "3.8.10", minimum required is "3.5") 
-- Using PYTHON_EXECUTABLE: /usr/bin/python3
-- Using PYTHON_INCLUDE_DIRS: /usr/include/python3.8
-- Using PYTHON_LIBRARIES: /usr/lib/x86_64-linux-gnu/libpython3.8.so
-- Found PythonExtra: .so  
-- Configuring done
-- Generating done
-- Build files have been written to: /home/yusuf/ros2_ws/build/levha_detection_system
[  3%] [34m[1mGenerating C code for ROS interfaces[0m
[35m[1mScanning dependencies of target levha_detection_system__cpp[0m
[  6%] [34m[1mGenerating C++ code for ROS interfaces[0m
[  6%] Built target levha_detection_system__cpp
[35m[1mScanning dependencies of target levha_detection_system__rosidl_generator_c[0m
[  9%] [34m[1mGenerating C++ introspection for ROS interfaces[0m
[ 12%] [34m[1mGenerating C++ type support for eProsima Fast-RTPS[0m
[ 16%] [34m[1mGenerating C++ type support dispatch for ROS interfaces[0m
[ 19%] [32mBuilding C object CMakeFiles/levha_detection_system__rosidl_generator_c.dir/rosidl_generator_c/levha_detection_system/srv/detail/levha_list__functions.c.o[0m
[ 22%] [32m[1mLinking C shared library liblevha_detection_system__rosidl_generator_c.so[0m
[ 22%] Built target levha_detection_system__rosidl_generator_c
[ 25%] [34m[1mGenerating C introspection for ROS interfaces[0m
[ 29%] [34m[1mGenerating C type support dispatch for ROS interfaces[0m
[35m[1mScanning dependencies of target levha_detection_system__rosidl_typesupport_cpp[0m
[ 32%] [32mBuilding CXX object CMakeFiles/levha_detection_system__rosidl_typesupport_cpp.dir/rosidl_typesupport_cpp/levha_detection_system/srv/levha_list__type_support.cpp.o[0m
[35m[1mScanning dependencies of target levha_detection_system__rosidl_typesupport_introspection_cpp[0m
[35m[1mScanning dependencies of target levha_detection_system__rosidl_typesupport_fastrtps_cpp[0m
[ 35%] [32mBuilding CXX object CMakeFiles/levha_detection_system__rosidl_typesupport_introspection_cpp.dir/rosidl_typesupport_introspection_cpp/levha_detection_system/srv/detail/levha_list__type_support.cpp.o[0m
[ 38%] [32mBuilding CXX object CMakeFiles/levha_detection_system__rosidl_typesupport_fastrtps_cpp.dir/rosidl_typesupport_fastrtps_cpp/levha_detection_system/srv/detail/dds_fastrtps/levha_list__type_support.cpp.o[0m
[35m[1mScanning dependencies of target levha_detection_system__rosidl_typesupport_c[0m
[ 41%] [32mBuilding CXX object CMakeFiles/levha_detection_system__rosidl_typesupport_c.dir/rosidl_typesupport_c/levha_detection_system/srv/levha_list__type_support.cpp.o[0m
[35m[1mScanning dependencies of target levha_detection_system__rosidl_typesupport_introspection_c[0m
[ 45%] [32mBuilding C object CMakeFiles/levha_detection_system__rosidl_typesupport_introspection_c.dir/rosidl_typesupport_introspection_c/levha_detection_system/srv/detail/levha_list__type_support.c.o[0m
[ 48%] [32m[1mLinking CXX shared library liblevha_detection_system__rosidl_typesupport_c.so[0m
[ 51%] [32m[1mLinking C shared library liblevha_detection_system__rosidl_typesupport_introspection_c.so[0m
[ 51%] Built target levha_detection_system__rosidl_typesupport_c
[ 51%] Built target levha_detection_system__rosidl_typesupport_introspection_c
[ 54%] [32m[1mLinking CXX shared library liblevha_detection_system__rosidl_typesupport_cpp.so[0m
[ 54%] Built target levha_detection_system__rosidl_typesupport_cpp
[ 58%] [32m[1mLinking CXX shared library liblevha_detection_system__rosidl_typesupport_introspection_cpp.so[0m
[ 58%] Built target levha_detection_system__rosidl_typesupport_introspection_cpp
[ 61%] [32m[1mLinking CXX shared library liblevha_detection_system__rosidl_typesupport_fastrtps_cpp.so[0m
[ 61%] Built target levha_detection_system__rosidl_typesupport_fastrtps_cpp
[ 64%] [34m[1mGenerating C type support for eProsima Fast-RTPS[0m
[35m[1mScanning dependencies of target levha_detection_system__rosidl_typesupport_fastrtps_c[0m
[ 67%] [32mBuilding CXX object CMakeFiles/levha_detection_system__rosidl_typesupport_fastrtps_c.dir/rosidl_typesupport_fastrtps_c/levha_detection_system/srv/detail/levha_list__type_support_c.cpp.o[0m
[ 70%] [32m[1mLinking CXX shared library liblevha_detection_system__rosidl_typesupport_fastrtps_c.so[0m
[ 70%] Built target levha_detection_system__rosidl_typesupport_fastrtps_c
[35m[1mScanning dependencies of target levha_detection_system[0m
[ 70%] Built target levha_detection_system
[35m[1mScanning dependencies of target levha_detection_system__py[0m
[ 74%] [34m[1mGenerating Python code for ROS interfaces[0m
[ 74%] Built target levha_detection_system__py
[35m[1mScanning dependencies of target levha_detection_system__python[0m
[ 77%] [32mBuilding C object CMakeFiles/levha_detection_system__python.dir/rosidl_generator_py/levha_detection_system/srv/_levha_list_s.c.o[0m
[ 80%] [32m[1mLinking C shared library rosidl_generator_py/levha_detection_system/liblevha_detection_system__python.so[0m
[ 80%] Built target levha_detection_system__python
[35m[1mScanning dependencies of target levha_detection_system__rosidl_typesupport_introspection_c__pyext[0m
[35m[1mScanning dependencies of target levha_detection_system__rosidl_typesupport_c__pyext[0m
[35m[1mScanning dependencies of target levha_detection_system__rosidl_typesupport_fastrtps_c__pyext[0m
[ 90%] [32mBuilding C object CMakeFiles/levha_detection_system__rosidl_typesupport_c__pyext.dir/rosidl_generator_py/levha_detection_system/_levha_detection_system_s.ep.rosidl_typesupport_c.c.o[0m
[ 90%] [32mBuilding C object CMakeFiles/levha_detection_system__rosidl_typesupport_fastrtps_c__pyext.dir/rosidl_generator_py/levha_detection_system/_levha_detection_system_s.ep.rosidl_typesupport_fastrtps_c.c.o[0m
[ 90%] [32mBuilding C object CMakeFiles/levha_detection_system__rosidl_typesupport_introspection_c__pyext.dir/rosidl_generator_py/levha_detection_system/_levha_detection_system_s.ep.rosidl_typesupport_introspection_c.c.o[0m
[100%] [32m[1mLinking CXX shared library rosidl_generator_py/levha_detection_system/levha_detection_system_s__rosidl_typesupport_fastrtps_c.cpython-38-x86_64-linux-gnu.so[0m
[100%] [32m[1mLinking C shared library rosidl_generator_py/levha_detection_system/levha_detection_system_s__rosidl_typesupport_c.cpython-38-x86_64-linux-gnu.so[0m
[100%] [32m[1mLinking C shared library rosidl_generator_py/levha_detection_system/levha_detection_system_s__rosidl_typesupport_introspection_c.cpython-38-x86_64-linux-gnu.so[0m
[100%] Built target levha_detection_system__rosidl_typesupport_c__pyext
[100%] Built target levha_detection_system__rosidl_typesupport_introspection_c__pyext
[100%] Built target levha_detection_system__rosidl_typesupport_fastrtps_c__pyext
-- Install configuration: ""
-- Installing: /home/yusuf/ros2_ws/install/levha_detection_system/share/ament_index/resource_index/rosidl_interfaces/levha_detection_system
-- Installing: /home/yusuf/ros2_ws/install/levha_detection_system/include/levha_detection_system
-- Installing: /home/yusuf/ros2_ws/install/levha_detection_system/include/levha_detection_system/srv
-- Installing: /home/yusuf/ros2_ws/install/levha_detection_system/include/levha_detection_system/srv/levha_list.h
-- Installing: /home/yusuf/ros2_ws/install/levha_detection_system/include/levha_detection_system/srv/detail
-- Installing: /home/yusuf/ros2_ws/install/levha_detection_system/include/levha_detection_system/srv/detail/levha_list__type_support.h
-- Installing: /home/yusuf/ros2_ws/install/levha_detection_system/include/levha_detection_system/srv/detail/levha_list__struct.h
-- Installing: /home/yusuf/ros2_ws/install/levha_detection_system/include/levha_detection_system/srv/detail/levha_list__functions.c
-- Installing: /home/yusuf/ros2_ws/install/levha_detection_system/include/levha_detection_system/srv/detail/levha_list__functions.h
-- Installing: /home/yusuf/ros2_ws/install/levha_detection_system/include/levha_detection_system/msg
-- Installing: /home/yusuf/ros2_ws/install/levha_detection_system/include/levha_detection_system/msg/rosidl_generator_c__visibility_control.h
-- Installing: /home/yusuf/ros2_ws/install/levha_detection_system/share/levha_detection_system/environment/library_path.sh
-- Installing: /home/yusuf/ros2_ws/install/levha_detection_system/share/levha_detection_system/environment/library_path.dsv
-- Installing: /home/yusuf/ros2_ws/install/levha_detection_system/lib/liblevha_detection_system__rosidl_generator_c.so
-- Set runtime path of "/home/yusuf/ros2_ws/install/levha_detection_system/lib/liblevha_detection_system__rosidl_generator_c.so" to ""
-- Up-to-date: /home/yusuf/ros2_ws/install/levha_detection_system/include/levha_detection_system
-- Up-to-date: /home/yusuf/ros2_ws/install/levha_detection_system/include/levha_detection_system/srv
-- Up-to-date: /home/yusuf/ros2_ws/install/levha_detection_system/include/levha_detection_system/srv/detail
-- Installing: /home/yusuf/ros2_ws/install/levha_detection_system/include/levha_detection_system/srv/detail/levha_list__rosidl_typesupport_fastrtps_c.h
-- Up-to-date: /home/yusuf/ros2_ws/install/levha_detection_system/include/levha_detection_system/msg
-- Installing: /home/yusuf/ros2_ws/install/levha_detection_system/include/levha_detection_system/msg/rosidl_typesupport_fastrtps_c__visibility_control.h
-- Installing: /home/yusuf/ros2_ws/install/levha_detection_system/lib/liblevha_detection_system__rosidl_typesupport_fastrtps_c.so
-- Set runtime path of "/home/yusuf/ros2_ws/install/levha_detection_system/lib/liblevha_detection_system__rosidl_typesupport_fastrtps_c.so" to ""
-- Up-to-date: /home/yusuf/ros2_ws/install/levha_detection_system/include/levha_detection_system
-- Up-to-date: /home/yusuf/ros2_ws/install/levha_detection_system/include/levha_detection_system/srv
-- Up-to-date: /home/yusuf/ros2_ws/install/levha_detection_system/include/levha_detection_system/srv/detail
-- Installing: /home/yusuf/ros2_ws/install/levha_detection_system/include/levha_detection_system/srv/detail/dds_fastrtps
-- Installing: /home/yusuf/ros2_ws/install/levha_detection_system/include/levha_detection_system/srv/detail/levha_list__rosidl_typesupport_fastrtps_cpp.hpp
-- Up-to-date: /home/yusuf/ros2_ws/install/levha_detection_system/include/levha_detection_system/msg
-- Installing: /home/yusuf/ros2_ws/install/levha_detection_system/include/levha_detection_system/msg/rosidl_typesupport_fastrtps_cpp__visibility_control.h
-- Installing: /home/yusuf/ros2_ws/install/levha_detection_system/lib/liblevha_detection_system__rosidl_typesupport_fastrtps_cpp.so
-- Set runtime path of "/home/yusuf/ros2_ws/install/levha_detection_system/lib/liblevha_detection_system__rosidl_typesupport_fastrtps_cpp.so" to ""
-- Up-to-date: /home/yusuf/ros2_ws/install/levha_detection_system/include/levha_detection_system
-- Up-to-date: /home/yusuf/ros2_ws/install/levha_detection_system/include/levha_detection_system/srv
-- Up-to-date: /home/yusuf/ros2_ws/install/levha_detection_system/include/levha_detection_system/srv/detail
-- Installing: /home/yusuf/ros2_ws/install/levha_detection_system/include/levha_detection_system/srv/detail/levha_list__rosidl_typesupport_introspection_c.h
-- Installing: /home/yusuf/ros2_ws/install/levha_detection_system/include/levha_detection_system/srv/detail/levha_list__type_support.c
-- Up-to-date: /home/yusuf/ros2_ws/install/levha_detection_system/include/levha_detection_system/msg
-- Installing: /home/yusuf/ros2_ws/install/levha_detection_system/include/levha_detection_system/msg/rosidl_typesupport_introspection_c__visibility_control.h
-- Installing: /home/yusuf/ros2_ws/install/levha_detection_system/lib/liblevha_detection_system__rosidl_typesupport_introspection_c.so
-- Set runtime path of "/home/yusuf/ros2_ws/install/levha_detection_system/lib/liblevha_detection_system__rosidl_typesupport_introspection_c.so" to ""
-- Installing: /home/yusuf/ros2_ws/install/levha_detection_system/lib/liblevha_detection_system__rosidl_typesupport_c.so
-- Set runtime path of "/home/yusuf/ros2_ws/install/levha_detection_system/lib/liblevha_detection_system__rosidl_typesupport_c.so" to ""
-- Up-to-date: /home/yusuf/ros2_ws/install/levha_detection_system/include/levha_detection_system
-- Up-to-date: /home/yusuf/ros2_ws/install/levha_detection_system/include/levha_detection_system/srv
-- Installing: /home/yusuf/ros2_ws/install/levha_detection_system/include/levha_detection_system/srv/levha_list.hpp
-- Up-to-date: /home/yusuf/ros2_ws/install/levha_detection_system/include/levha_detection_system/srv/detail
-- Installing: /home/yusuf/ros2_ws/install/levha_detection_system/include/levha_detection_system/srv/detail/levha_list__builder.hpp
-- Installing: /home/yusuf/ros2_ws/install/levha_detection_system/include/levha_detection_system/srv/detail/levha_list__traits.hpp
-- Installing: /home/yusuf/ros2_ws/install/levha_detection_system/include/levha_detection_system/srv/detail/levha_list__type_support.hpp
-- Installing: /home/yusuf/ros2_ws/install/levha_detection_system/include/levha_detection_system/srv/detail/levha_list__struct.hpp
-- Up-to-date: /home/yusuf/ros2_ws/install/levha_detection_system/include/levha_detection_system/msg
-- Installing: /home/yusuf/ros2_ws/install/levha_detection_system/include/levha_detection_system/msg/rosidl_generator_cpp__visibility_control.hpp
-- Up-to-date: /home/yusuf/ros2_ws/install/levha_detection_system/include/levha_detection_system
-- Up-to-date: /home/yusuf/ros2_ws/install/levha_detection_system/include/levha_detection_system/srv
-- Up-to-date: /home/yusuf/ros2_ws/install/levha_detection_system/include/levha_detection_system/srv/detail
-- Installing: /home/yusuf/ros2_ws/install/levha_detection_system/include/levha_detection_system/srv/detail/levha_list__type_support.cpp
-- Installing: /home/yusuf/ros2_ws/install/levha_detection_system/include/levha_detection_system/srv/detail/levha_list__rosidl_typesupport_introspection_cpp.hpp
-- Installing: /home/yusuf/ros2_ws/install/levha_detection_system/lib/liblevha_detection_system__rosidl_typesupport_introspection_cpp.so
-- Set runtime path of "/home/yusuf/ros2_ws/install/levha_detection_system/lib/liblevha_detection_system__rosidl_typesupport_introspection_cpp.so" to ""
-- Installing: /home/yusuf/ros2_ws/install/levha_detection_system/lib/liblevha_detection_system__rosidl_typesupport_cpp.so
-- Set runtime path of "/home/yusuf/ros2_ws/install/levha_detection_system/lib/liblevha_detection_system__rosidl_typesupport_cpp.so" to ""
-- Installing: /home/yusuf/ros2_ws/install/levha_detection_system/share/levha_detection_system/environment/pythonpath.sh
-- Installing: /home/yusuf/ros2_ws/install/levha_detection_system/share/levha_detection_system/environment/pythonpath.dsv
-- Installing: /home/yusuf/ros2_ws/install/levha_detection_system/lib/python3.8/site-packages/levha_detection_system/__init__.py
Compiling '/home/yusuf/ros2_ws/install/levha_detection_system/lib/python3.8/site-packages/levha_detection_system/__init__.py'...
-- Installing: /home/yusuf/ros2_ws/install/levha_detection_system/lib/python3.8/site-packages/levha_detection_system/srv
-- Installing: /home/yusuf/ros2_ws/install/levha_detection_system/lib/python3.8/site-packages/levha_detection_system/srv/_levha_list.py
-- Installing: /home/yusuf/ros2_ws/install/levha_detection_system/lib/python3.8/site-packages/levha_detection_system/srv/_levha_list_s.c
-- Installing: /home/yusuf/ros2_ws/install/levha_detection_system/lib/python3.8/site-packages/levha_detection_system/srv/__init__.py
-- Installing: /home/yusuf/ros2_ws/install/levha_detection_system/lib/python3.8/site-packages/levha_detection_system/levha_detection_system_s__rosidl_typesupport_fastrtps_c.cpython-38-x86_64-linux-gnu.so
-- Set runtime path of "/home/yusuf/ros2_ws/install/levha_detection_system/lib/python3.8/site-packages/levha_detection_system/levha_detection_system_s__rosidl_typesupport_fastrtps_c.cpython-38-x86_64-linux-gnu.so" to ""
-- Installing: /home/yusuf/ros2_ws/install/levha_detection_system/lib/python3.8/site-packages/levha_detection_system/levha_detection_system_s__rosidl_typesupport_introspection_c.cpython-38-x86_64-linux-gnu.so
-- Set runtime path of "/home/yusuf/ros2_ws/install/levha_detection_system/lib/python3.8/site-packages/levha_detection_system/levha_detection_system_s__rosidl_typesupport_introspection_c.cpython-38-x86_64-linux-gnu.so" to ""
-- Installing: /home/yusuf/ros2_ws/install/levha_detection_system/lib/python3.8/site-packages/levha_detection_system/levha_detection_system_s__rosidl_typesupport_c.cpython-38-x86_64-linux-gnu.so
-- Set runtime path of "/home/yusuf/ros2_ws/install/levha_detection_system/lib/python3.8/site-packages/levha_detection_system/levha_detection_system_s__rosidl_typesupport_c.cpython-38-x86_64-linux-gnu.so" to ""
-- Installing: /home/yusuf/ros2_ws/install/levha_detection_system/lib/liblevha_detection_system__python.so
-- Set runtime path of "/home/yusuf/ros2_ws/install/levha_detection_system/lib/liblevha_detection_system__python.so" to ""
-- Installing: /home/yusuf/ros2_ws/install/levha_detection_system/share/levha_detection_system/srv/LevhaList.idl
-- Installing: /home/yusuf/ros2_ws/install/levha_detection_system/share/levha_detection_system/srv/LevhaList.srv
-- Installing: /home/yusuf/ros2_ws/install/levha_detection_system/share/levha_detection_system/srv/LevhaList_Request.msg
-- Installing: /home/yusuf/ros2_ws/install/levha_detection_system/share/levha_detection_system/srv/LevhaList_Response.msg
-- Up-to-date: /home/yusuf/ros2_ws/install/levha_detection_system/lib/python3.8/site-packages/levha_detection_system
-- Installing: /home/yusuf/ros2_ws/install/levha_detection_system/lib/python3.8/site-packages/levha_detection_system/subscriber.py
-- Installing: /home/yusuf/ros2_ws/install/levha_detection_system/lib/python3.8/site-packages/levha_detection_system/server.py
-- Installing: /home/yusuf/ros2_ws/install/levha_detection_system/lib/python3.8/site-packages/levha_detection_system/client.py
-- Installing: /home/yusuf/ros2_ws/install/levha_detection_system/lib/python3.8/site-packages/levha_detection_system/utils.py
-- Installing: /home/yusuf/ros2_ws/install/levha_detection_system/lib/python3.8/site-packages/levha_detection_system/__init__.py
Listing '/home/yusuf/ros2_ws/install/levha_detection_system/lib/python3.8/site-packages/levha_detection_system'...
Compiling '/home/yusuf/ros2_ws/install/levha_detection_system/lib/python3.8/site-packages/levha_detection_system/__init__.py'...
Compiling '/home/yusuf/ros2_ws/install/levha_detection_system/lib/python3.8/site-packages/levha_detection_system/client.py'...
Compiling '/home/yusuf/ros2_ws/install/levha_detection_system/lib/python3.8/site-packages/levha_detection_system/server.py'...
Listing '/home/yusuf/ros2_ws/install/levha_detection_system/lib/python3.8/site-packages/levha_detection_system/srv'...
Compiling '/home/yusuf/ros2_ws/install/levha_detection_system/lib/python3.8/site-packages/levha_detection_system/srv/__init__.py'...
Compiling '/home/yusuf/ros2_ws/install/levha_detection_system/lib/python3.8/site-packages/levha_detection_system/srv/_levha_list.py'...
Compiling '/home/yusuf/ros2_ws/install/levha_detection_system/lib/python3.8/site-packages/levha_detection_system/subscriber.py'...
Compiling '/home/yusuf/ros2_ws/install/levha_detection_system/lib/python3.8/site-packages/levha_detection_system/utils.py'...
-- Installing: /home/yusuf/ros2_ws/install/levha_detection_system/lib/levha_detection_system/server.py
-- Installing: /home/yusuf/ros2_ws/install/levha_detection_system/lib/levha_detection_system/client.py
-- Installing: /home/yusuf/ros2_ws/install/levha_detection_system/lib/levha_detection_system/subscriber.py
-- Installing: /home/yusuf/ros2_ws/install/levha_detection_system/share/levha_detection_system/launch
-- Installing: /home/yusuf/ros2_ws/install/levha_detection_system/share/levha_detection_system/launch/launch.py
-- Installing: /home/yusuf/ros2_ws/install/levha_detection_system/share/ament_index/resource_index/package_run_dependencies/levha_detection_system
-- Installing: /home/yusuf/ros2_ws/install/levha_detection_system/share/ament_index/resource_index/parent_prefix_path/levha_detection_system
-- Installing: /home/yusuf/ros2_ws/install/levha_detection_system/share/levha_detection_system/environment/ament_prefix_path.sh
-- Installing: /home/yusuf/ros2_ws/install/levha_detection_system/share/levha_detection_system/environment/ament_prefix_path.dsv
-- Installing: /home/yusuf/ros2_ws/install/levha_detection_system/share/levha_detection_system/environment/path.sh
-- Installing: /home/yusuf/ros2_ws/install/levha_detection_system/share/levha_detection_system/environment/path.dsv
-- Installing: /home/yusuf/ros2_ws/install/levha_detection_system/share/levha_detection_system/local_setup.bash
-- Installing: /home/yusuf/ros2_ws/install/levha_detection_system/share/levha_detection_system/local_setup.sh
-- Installing: /home/yusuf/ros2_ws/install/levha_detection_system/share/levha_detection_system/local_setup.zsh
-- Installing: /home/yusuf/ros2_ws/install/levha_detection_system/share/levha_detection_system/local_setup.dsv
-- Installing: /home/yusuf/ros2_ws/install/levha_detection_system/share/levha_detection_system/package.dsv
-- Installing: /home/yusuf/ros2_ws/install/levha_detection_system/share/ament_index/resource_index/packages/levha_detection_system
-- Installing: /home/yusuf/ros2_ws/install/levha_detection_system/share/levha_detection_system/cmake/levha_detection_system__rosidl_generator_cExport.cmake
-- Installing: /home/yusuf/ros2_ws/install/levha_detection_system/share/levha_detection_system/cmake/levha_detection_system__rosidl_generator_cExport-noconfig.cmake
-- Installing: /home/yusuf/ros2_ws/install/levha_detection_system/share/levha_detection_system/cmake/levha_detection_system__rosidl_typesupport_introspection_cExport.cmake
-- Installing: /home/yusuf/ros2_ws/install/levha_detection_system/share/levha_detection_system/cmake/levha_detection_system__rosidl_typesupport_introspection_cExport-noconfig.cmake
-- Installing: /home/yusuf/ros2_ws/install/levha_detection_system/share/levha_detection_system/cmake/levha_detection_system__rosidl_typesupport_cExport.cmake
-- Installing: /home/yusuf/ros2_ws/install/levha_detection_system/share/levha_detection_system/cmake/levha_detection_system__rosidl_typesupport_cExport-noconfig.cmake
-- Installing: /home/yusuf/ros2_ws/install/levha_detection_system/share/levha_detection_system/cmake/levha_detection_system__rosidl_generator_cppExport.cmake
-- Installing: /home/yusuf/ros2_ws/install/levha_detection_system/share/levha_detection_system/cmake/levha_detection_system__rosidl_typesupport_introspection_cppExport.cmake
-- Installing: /home/yusuf/ros2_ws/install/levha_detection_system/share/levha_detection_system/cmake/levha_detection_system__rosidl_typesupport_introspection_cppExport-noconfig.cmake
-- Installing: /home/yusuf/ros2_ws/install/levha_detection_system/share/levha_detection_system/cmake/levha_detection_system__rosidl_typesupport_cppExport.cmake
-- Installing: /home/yusuf/ros2_ws/install/levha_detection_system/share/levha_detection_system/cmake/levha_detection_system__rosidl_typesupport_cppExport-noconfig.cmake
-- Installing: /home/yusuf/ros2_ws/install/levha_detection_system/share/levha_detection_system/cmake/rosidl_cmake-extras.cmake
-- Installing: /home/yusuf/ros2_ws/install/levha_detection_system/share/levha_detection_system/cmake/ament_cmake_export_dependencies-extras.cmake
-- Installing: /home/yusuf/ros2_ws/install/levha_detection_system/share/levha_detection_system/cmake/ament_cmake_export_libraries-extras.cmake
-- Installing: /home/yusuf/ros2_ws/install/levha_detection_system/share/levha_detection_system/cmake/ament_cmake_export_targets-extras.cmake
-- Installing: /home/yusuf/ros2_ws/install/levha_detection_system/share/levha_detection_system/cmake/ament_cmake_export_include_directories-extras.cmake
-- Installing: /home/yusuf/ros2_ws/install/levha_detection_system/share/levha_detection_system/cmake/rosidl_cmake_export_typesupport_libraries-extras.cmake
-- Installing: /home/yusuf/ros2_ws/install/levha_detection_system/share/levha_detection_system/cmake/rosidl_cmake_export_typesupport_targets-extras.cmake
-- Installing: /home/yusuf/ros2_ws/install/levha_detection_system/share/levha_detection_system/cmake/levha_detection_systemConfig.cmake
-- Installing: /home/yusuf/ros2_ws/install/levha_detection_system/share/levha_detection_system/cmake/levha_detection_systemConfig-version.cmake
-- Installing: /home/yusuf/ros2_ws/install/levha_detection_system/share/levha_detection_system/package.xml
