[0.009s] Invoking command in '/home/yusuf/ros2_ws/build/levha_detection_system': CMAKE_PREFIX_PATH=/opt/ros/foxy /usr/bin/cmake /home/yusuf/ros2_ws/src/levha_detection_system -DCMAKE_INSTALL_PREFIX=/home/yusuf/ros2_ws/install/levha_detection_system
[0.299s] -- The C compiler identification is GNU 9.4.0
[0.479s] -- The CXX compiler identification is GNU 9.4.0
[0.488s] -- Check for working C compiler: /usr/bin/cc
[0.587s] -- Check for working C compiler: /usr/bin/cc -- works
[0.588s] -- Detecting C compiler ABI info
[0.685s] -- Detecting C compiler ABI info - done
[0.696s] -- Detecting C compile features
[0.696s] -- Detecting C compile features - done
[0.699s] -- Check for working CXX compiler: /usr/bin/c++
[0.797s] -- Check for working CXX compiler: /usr/bin/c++ -- works
[0.798s] -- Detecting CXX compiler ABI info
[0.914s] -- Detecting CXX compiler ABI info - done
[0.925s] -- Detecting CXX compile features
[0.925s] -- Detecting CXX compile features - done
[0.931s] -- Found ament_cmake: 0.9.12 (/opt/ros/foxy/share/ament_cmake/cmake)
[0.961s] -- Found PythonInterp: /usr/bin/python3 (found suitable version "3.8.10", minimum required is "3") 
[0.961s] -- Using PYTHON_EXECUTABLE: /usr/bin/python3
[1.135s] -- Found rclpy: 1.0.13 (/opt/ros/foxy/share/rclpy/cmake)
[1.136s] -- Found rosidl_default_generators: 1.0.1 (/opt/ros/foxy/share/rosidl_default_generators/cmake)
[1.140s] -- Using all available rosidl_typesupport_c: rosidl_typesupport_fastrtps_c;rosidl_typesupport_introspection_c
[1.147s] -- Found rosidl_adapter: 1.3.1 (/opt/ros/foxy/share/rosidl_adapter/cmake)
[1.256s] -- Found OpenSSL: /usr/lib/x86_64-linux-gnu/libcrypto.so (found version "1.1.1f")  
[1.281s] -- Found FastRTPS: /opt/ros/foxy/include  
[1.359s] -- Using all available rosidl_typesupport_cpp: rosidl_typesupport_fastrtps_cpp;rosidl_typesupport_introspection_cpp
[1.404s] -- Found PythonInterp: /usr/bin/python3 (found version "3.8.10") 
[1.507s] -- Found ament_cmake_ros: 0.9.2 (/opt/ros/foxy/share/ament_cmake_ros/cmake)
[1.597s] -- Using all available rosidl_typesupport_c: rosidl_typesupport_fastrtps_c;rosidl_typesupport_introspection_c
[1.604s] -- Using all available rosidl_typesupport_cpp: rosidl_typesupport_fastrtps_cpp;rosidl_typesupport_introspection_cpp
[1.625s] -- Found PythonInterp: /usr/bin/python3 (found suitable version "3.8.10", minimum required is "3.5") 
[1.628s] -- Found python_cmake_module: 0.8.1 (/opt/ros/foxy/share/python_cmake_module/cmake)
[1.663s] -- Found PythonLibs: /usr/lib/x86_64-linux-gnu/libpython3.8.so (found suitable version "3.8.10", minimum required is "3.5") 
[1.663s] -- Using PYTHON_EXECUTABLE: /usr/bin/python3
[1.663s] -- Using PYTHON_INCLUDE_DIRS: /usr/include/python3.8
[1.663s] -- Using PYTHON_LIBRARIES: /usr/lib/x86_64-linux-gnu/libpython3.8.so
[1.684s] -- Found PythonExtra: .so  
[1.742s] -- Configuring done
[1.766s] -- Generating done
[1.774s] -- Build files have been written to: /home/yusuf/ros2_ws/build/levha_detection_system
[1.780s] Invoked command in '/home/yusuf/ros2_ws/build/levha_detection_system' returned '0': CMAKE_PREFIX_PATH=/opt/ros/foxy /usr/bin/cmake /home/yusuf/ros2_ws/src/levha_detection_system -DCMAKE_INSTALL_PREFIX=/home/yusuf/ros2_ws/install/levha_detection_system
[1.784s] Invoking command in '/home/yusuf/ros2_ws/build/levha_detection_system': CMAKE_PREFIX_PATH=/opt/ros/foxy /usr/bin/cmake --build /home/yusuf/ros2_ws/build/levha_detection_system -- -j12 -l12
[1.834s] [  3%] [34m[1mGenerating C code for ROS interfaces[0m
[1.835s] [35m[1mScanning dependencies of target levha_detection_system__cpp[0m
[1.848s] [  6%] [34m[1mGenerating C++ code for ROS interfaces[0m
[2.036s] [  6%] Built target levha_detection_system__cpp
[2.036s] [35m[1mScanning dependencies of target levha_detection_system__rosidl_generator_c[0m
[2.045s] [  9%] [34m[1mGenerating C++ introspection for ROS interfaces[0m
[2.045s] [ 12%] [34m[1mGenerating C++ type support for eProsima Fast-RTPS[0m
[2.045s] [ 16%] [34m[1mGenerating C++ type support dispatch for ROS interfaces[0m
[2.049s] [ 19%] [32mBuilding C object CMakeFiles/levha_detection_system__rosidl_generator_c.dir/rosidl_generator_c/levha_detection_system/srv/detail/levha_list__functions.c.o[0m
[2.113s] [ 22%] [32m[1mLinking C shared library liblevha_detection_system__rosidl_generator_c.so[0m
[2.146s] [ 22%] Built target levha_detection_system__rosidl_generator_c
[2.156s] [ 25%] [34m[1mGenerating C introspection for ROS interfaces[0m
[2.156s] [ 29%] [34m[1mGenerating C type support dispatch for ROS interfaces[0m
[2.210s] [35m[1mScanning dependencies of target levha_detection_system__rosidl_typesupport_cpp[0m
[2.224s] [ 32%] [32mBuilding CXX object CMakeFiles/levha_detection_system__rosidl_typesupport_cpp.dir/rosidl_typesupport_cpp/levha_detection_system/srv/levha_list__type_support.cpp.o[0m
[2.230s] [35m[1mScanning dependencies of target levha_detection_system__rosidl_typesupport_introspection_cpp[0m
[2.239s] [35m[1mScanning dependencies of target levha_detection_system__rosidl_typesupport_fastrtps_cpp[0m
[2.242s] [ 35%] [32mBuilding CXX object CMakeFiles/levha_detection_system__rosidl_typesupport_introspection_cpp.dir/rosidl_typesupport_introspection_cpp/levha_detection_system/srv/detail/levha_list__type_support.cpp.o[0m
[2.264s] [ 38%] [32mBuilding CXX object CMakeFiles/levha_detection_system__rosidl_typesupport_fastrtps_cpp.dir/rosidl_typesupport_fastrtps_cpp/levha_detection_system/srv/detail/dds_fastrtps/levha_list__type_support.cpp.o[0m
[2.322s] [35m[1mScanning dependencies of target levha_detection_system__rosidl_typesupport_c[0m
[2.335s] [ 41%] [32mBuilding CXX object CMakeFiles/levha_detection_system__rosidl_typesupport_c.dir/rosidl_typesupport_c/levha_detection_system/srv/levha_list__type_support.cpp.o[0m
[2.344s] [35m[1mScanning dependencies of target levha_detection_system__rosidl_typesupport_introspection_c[0m
[2.356s] [ 45%] [32mBuilding C object CMakeFiles/levha_detection_system__rosidl_typesupport_introspection_c.dir/rosidl_typesupport_introspection_c/levha_detection_system/srv/detail/levha_list__type_support.c.o[0m
[2.364s] [ 48%] [32m[1mLinking CXX shared library liblevha_detection_system__rosidl_typesupport_c.so[0m
[2.390s] [ 51%] [32m[1mLinking C shared library liblevha_detection_system__rosidl_typesupport_introspection_c.so[0m
[2.399s] [ 51%] Built target levha_detection_system__rosidl_typesupport_c
[2.421s] [ 51%] Built target levha_detection_system__rosidl_typesupport_introspection_c
[2.501s] [ 54%] [32m[1mLinking CXX shared library liblevha_detection_system__rosidl_typesupport_cpp.so[0m
[2.540s] [ 54%] Built target levha_detection_system__rosidl_typesupport_cpp
[2.545s] [ 58%] [32m[1mLinking CXX shared library liblevha_detection_system__rosidl_typesupport_introspection_cpp.so[0m
[2.607s] [ 58%] Built target levha_detection_system__rosidl_typesupport_introspection_cpp
[2.717s] [ 61%] [32m[1mLinking CXX shared library liblevha_detection_system__rosidl_typesupport_fastrtps_cpp.so[0m
[2.806s] [ 61%] Built target levha_detection_system__rosidl_typesupport_fastrtps_cpp
[2.818s] [ 64%] [34m[1mGenerating C type support for eProsima Fast-RTPS[0m
[3.013s] [35m[1mScanning dependencies of target levha_detection_system__rosidl_typesupport_fastrtps_c[0m
[3.034s] [ 67%] [32mBuilding CXX object CMakeFiles/levha_detection_system__rosidl_typesupport_fastrtps_c.dir/rosidl_typesupport_fastrtps_c/levha_detection_system/srv/detail/levha_list__type_support_c.cpp.o[0m
[3.313s] [ 70%] [32m[1mLinking CXX shared library liblevha_detection_system__rosidl_typesupport_fastrtps_c.so[0m
[3.399s] [ 70%] Built target levha_detection_system__rosidl_typesupport_fastrtps_c
[3.413s] [35m[1mScanning dependencies of target levha_detection_system[0m
[3.425s] [ 70%] Built target levha_detection_system
[3.440s] [35m[1mScanning dependencies of target levha_detection_system__py[0m
[3.456s] [ 74%] [34m[1mGenerating Python code for ROS interfaces[0m
[3.877s] [ 74%] Built target levha_detection_system__py
[3.891s] [35m[1mScanning dependencies of target levha_detection_system__python[0m
[3.941s] [ 77%] [32mBuilding C object CMakeFiles/levha_detection_system__python.dir/rosidl_generator_py/levha_detection_system/srv/_levha_list_s.c.o[0m
[4.060s] [ 80%] [32m[1mLinking C shared library rosidl_generator_py/levha_detection_system/liblevha_detection_system__python.so[0m
[4.120s] [ 80%] Built target levha_detection_system__python
[4.130s] [35m[1mScanning dependencies of target levha_detection_system__rosidl_typesupport_introspection_c__pyext[0m
[4.130s] [35m[1mScanning dependencies of target levha_detection_system__rosidl_typesupport_c__pyext[0m
[4.130s] [35m[1mScanning dependencies of target levha_detection_system__rosidl_typesupport_fastrtps_c__pyext[0m
[4.146s] [ 90%] [32mBuilding C object CMakeFiles/levha_detection_system__rosidl_typesupport_c__pyext.dir/rosidl_generator_py/levha_detection_system/_levha_detection_system_s.ep.rosidl_typesupport_c.c.o[0m
[4.146s] [ 90%] [32mBuilding C object CMakeFiles/levha_detection_system__rosidl_typesupport_fastrtps_c__pyext.dir/rosidl_generator_py/levha_detection_system/_levha_detection_system_s.ep.rosidl_typesupport_fastrtps_c.c.o[0m
[4.146s] [ 90%] [32mBuilding C object CMakeFiles/levha_detection_system__rosidl_typesupport_introspection_c__pyext.dir/rosidl_generator_py/levha_detection_system/_levha_detection_system_s.ep.rosidl_typesupport_introspection_c.c.o[0m
[4.213s] [100%] [32m[1mLinking CXX shared library rosidl_generator_py/levha_detection_system/levha_detection_system_s__rosidl_typesupport_fastrtps_c.cpython-38-x86_64-linux-gnu.so[0m
[4.213s] [100%] [32m[1mLinking C shared library rosidl_generator_py/levha_detection_system/levha_detection_system_s__rosidl_typesupport_c.cpython-38-x86_64-linux-gnu.so[0m
[4.213s] [100%] [32m[1mLinking C shared library rosidl_generator_py/levha_detection_system/levha_detection_system_s__rosidl_typesupport_introspection_c.cpython-38-x86_64-linux-gnu.so[0m
[4.249s] [100%] Built target levha_detection_system__rosidl_typesupport_c__pyext
[4.250s] [100%] Built target levha_detection_system__rosidl_typesupport_introspection_c__pyext
[4.280s] [100%] Built target levha_detection_system__rosidl_typesupport_fastrtps_c__pyext
[4.303s] Invoked command in '/home/yusuf/ros2_ws/build/levha_detection_system' returned '0': CMAKE_PREFIX_PATH=/opt/ros/foxy /usr/bin/cmake --build /home/yusuf/ros2_ws/build/levha_detection_system -- -j12 -l12
[4.327s] Invoking command in '/home/yusuf/ros2_ws/build/levha_detection_system': CMAKE_PREFIX_PATH=/opt/ros/foxy /usr/bin/cmake --install /home/yusuf/ros2_ws/build/levha_detection_system
[4.333s] -- Install configuration: ""
[4.333s] -- Installing: /home/yusuf/ros2_ws/install/levha_detection_system/share/ament_index/resource_index/rosidl_interfaces/levha_detection_system
[4.333s] -- Installing: /home/yusuf/ros2_ws/install/levha_detection_system/include/levha_detection_system
[4.333s] -- Installing: /home/yusuf/ros2_ws/install/levha_detection_system/include/levha_detection_system/srv
[4.334s] -- Installing: /home/yusuf/ros2_ws/install/levha_detection_system/include/levha_detection_system/srv/levha_list.h
[4.334s] -- Installing: /home/yusuf/ros2_ws/install/levha_detection_system/include/levha_detection_system/srv/detail
[4.334s] -- Installing: /home/yusuf/ros2_ws/install/levha_detection_system/include/levha_detection_system/srv/detail/levha_list__type_support.h
[4.334s] -- Installing: /home/yusuf/ros2_ws/install/levha_detection_system/include/levha_detection_system/srv/detail/levha_list__struct.h
[4.334s] -- Installing: /home/yusuf/ros2_ws/install/levha_detection_system/include/levha_detection_system/srv/detail/levha_list__functions.c
[4.334s] -- Installing: /home/yusuf/ros2_ws/install/levha_detection_system/include/levha_detection_system/srv/detail/levha_list__functions.h
[4.334s] -- Installing: /home/yusuf/ros2_ws/install/levha_detection_system/include/levha_detection_system/msg
[4.334s] -- Installing: /home/yusuf/ros2_ws/install/levha_detection_system/include/levha_detection_system/msg/rosidl_generator_c__visibility_control.h
[4.335s] -- Installing: /home/yusuf/ros2_ws/install/levha_detection_system/share/levha_detection_system/environment/library_path.sh
[4.335s] -- Installing: /home/yusuf/ros2_ws/install/levha_detection_system/share/levha_detection_system/environment/library_path.dsv
[4.336s] -- Installing: /home/yusuf/ros2_ws/install/levha_detection_system/lib/liblevha_detection_system__rosidl_generator_c.so
[4.337s] -- Set runtime path of "/home/yusuf/ros2_ws/install/levha_detection_system/lib/liblevha_detection_system__rosidl_generator_c.so" to ""
[4.338s] -- Up-to-date: /home/yusuf/ros2_ws/install/levha_detection_system/include/levha_detection_system
[4.338s] -- Up-to-date: /home/yusuf/ros2_ws/install/levha_detection_system/include/levha_detection_system/srv
[4.338s] -- Up-to-date: /home/yusuf/ros2_ws/install/levha_detection_system/include/levha_detection_system/srv/detail
[4.338s] -- Installing: /home/yusuf/ros2_ws/install/levha_detection_system/include/levha_detection_system/srv/detail/levha_list__rosidl_typesupport_fastrtps_c.h
[4.338s] -- Up-to-date: /home/yusuf/ros2_ws/install/levha_detection_system/include/levha_detection_system/msg
[4.338s] -- Installing: /home/yusuf/ros2_ws/install/levha_detection_system/include/levha_detection_system/msg/rosidl_typesupport_fastrtps_c__visibility_control.h
[4.338s] -- Installing: /home/yusuf/ros2_ws/install/levha_detection_system/lib/liblevha_detection_system__rosidl_typesupport_fastrtps_c.so
[4.339s] -- Set runtime path of "/home/yusuf/ros2_ws/install/levha_detection_system/lib/liblevha_detection_system__rosidl_typesupport_fastrtps_c.so" to ""
[4.339s] -- Up-to-date: /home/yusuf/ros2_ws/install/levha_detection_system/include/levha_detection_system
[4.339s] -- Up-to-date: /home/yusuf/ros2_ws/install/levha_detection_system/include/levha_detection_system/srv
[4.339s] -- Up-to-date: /home/yusuf/ros2_ws/install/levha_detection_system/include/levha_detection_system/srv/detail
[4.339s] -- Installing: /home/yusuf/ros2_ws/install/levha_detection_system/include/levha_detection_system/srv/detail/dds_fastrtps
[4.339s] -- Installing: /home/yusuf/ros2_ws/install/levha_detection_system/include/levha_detection_system/srv/detail/levha_list__rosidl_typesupport_fastrtps_cpp.hpp
[4.339s] -- Up-to-date: /home/yusuf/ros2_ws/install/levha_detection_system/include/levha_detection_system/msg
[4.339s] -- Installing: /home/yusuf/ros2_ws/install/levha_detection_system/include/levha_detection_system/msg/rosidl_typesupport_fastrtps_cpp__visibility_control.h
[4.339s] -- Installing: /home/yusuf/ros2_ws/install/levha_detection_system/lib/liblevha_detection_system__rosidl_typesupport_fastrtps_cpp.so
[4.340s] -- Set runtime path of "/home/yusuf/ros2_ws/install/levha_detection_system/lib/liblevha_detection_system__rosidl_typesupport_fastrtps_cpp.so" to ""
[4.340s] -- Up-to-date: /home/yusuf/ros2_ws/install/levha_detection_system/include/levha_detection_system
[4.340s] -- Up-to-date: /home/yusuf/ros2_ws/install/levha_detection_system/include/levha_detection_system/srv
[4.340s] -- Up-to-date: /home/yusuf/ros2_ws/install/levha_detection_system/include/levha_detection_system/srv/detail
[4.340s] -- Installing: /home/yusuf/ros2_ws/install/levha_detection_system/include/levha_detection_system/srv/detail/levha_list__rosidl_typesupport_introspection_c.h
[4.340s] -- Installing: /home/yusuf/ros2_ws/install/levha_detection_system/include/levha_detection_system/srv/detail/levha_list__type_support.c
[4.340s] -- Up-to-date: /home/yusuf/ros2_ws/install/levha_detection_system/include/levha_detection_system/msg
[4.340s] -- Installing: /home/yusuf/ros2_ws/install/levha_detection_system/include/levha_detection_system/msg/rosidl_typesupport_introspection_c__visibility_control.h
[4.340s] -- Installing: /home/yusuf/ros2_ws/install/levha_detection_system/lib/liblevha_detection_system__rosidl_typesupport_introspection_c.so
[4.340s] -- Set runtime path of "/home/yusuf/ros2_ws/install/levha_detection_system/lib/liblevha_detection_system__rosidl_typesupport_introspection_c.so" to ""
[4.341s] -- Installing: /home/yusuf/ros2_ws/install/levha_detection_system/lib/liblevha_detection_system__rosidl_typesupport_c.so
[4.341s] -- Set runtime path of "/home/yusuf/ros2_ws/install/levha_detection_system/lib/liblevha_detection_system__rosidl_typesupport_c.so" to ""
[4.341s] -- Up-to-date: /home/yusuf/ros2_ws/install/levha_detection_system/include/levha_detection_system
[4.341s] -- Up-to-date: /home/yusuf/ros2_ws/install/levha_detection_system/include/levha_detection_system/srv
[4.341s] -- Installing: /home/yusuf/ros2_ws/install/levha_detection_system/include/levha_detection_system/srv/levha_list.hpp
[4.341s] -- Up-to-date: /home/yusuf/ros2_ws/install/levha_detection_system/include/levha_detection_system/srv/detail
[4.341s] -- Installing: /home/yusuf/ros2_ws/install/levha_detection_system/include/levha_detection_system/srv/detail/levha_list__builder.hpp
[4.341s] -- Installing: /home/yusuf/ros2_ws/install/levha_detection_system/include/levha_detection_system/srv/detail/levha_list__traits.hpp
[4.341s] -- Installing: /home/yusuf/ros2_ws/install/levha_detection_system/include/levha_detection_system/srv/detail/levha_list__type_support.hpp
[4.341s] -- Installing: /home/yusuf/ros2_ws/install/levha_detection_system/include/levha_detection_system/srv/detail/levha_list__struct.hpp
[4.342s] -- Up-to-date: /home/yusuf/ros2_ws/install/levha_detection_system/include/levha_detection_system/msg
[4.342s] -- Installing: /home/yusuf/ros2_ws/install/levha_detection_system/include/levha_detection_system/msg/rosidl_generator_cpp__visibility_control.hpp
[4.342s] -- Up-to-date: /home/yusuf/ros2_ws/install/levha_detection_system/include/levha_detection_system
[4.342s] -- Up-to-date: /home/yusuf/ros2_ws/install/levha_detection_system/include/levha_detection_system/srv
[4.342s] -- Up-to-date: /home/yusuf/ros2_ws/install/levha_detection_system/include/levha_detection_system/srv/detail
[4.342s] -- Installing: /home/yusuf/ros2_ws/install/levha_detection_system/include/levha_detection_system/srv/detail/levha_list__type_support.cpp
[4.342s] -- Installing: /home/yusuf/ros2_ws/install/levha_detection_system/include/levha_detection_system/srv/detail/levha_list__rosidl_typesupport_introspection_cpp.hpp
[4.342s] -- Installing: /home/yusuf/ros2_ws/install/levha_detection_system/lib/liblevha_detection_system__rosidl_typesupport_introspection_cpp.so
[4.343s] -- Set runtime path of "/home/yusuf/ros2_ws/install/levha_detection_system/lib/liblevha_detection_system__rosidl_typesupport_introspection_cpp.so" to ""
[4.343s] -- Installing: /home/yusuf/ros2_ws/install/levha_detection_system/lib/liblevha_detection_system__rosidl_typesupport_cpp.so
[4.343s] -- Set runtime path of "/home/yusuf/ros2_ws/install/levha_detection_system/lib/liblevha_detection_system__rosidl_typesupport_cpp.so" to ""
[4.343s] -- Installing: /home/yusuf/ros2_ws/install/levha_detection_system/share/levha_detection_system/environment/pythonpath.sh
[4.343s] -- Installing: /home/yusuf/ros2_ws/install/levha_detection_system/share/levha_detection_system/environment/pythonpath.dsv
[4.343s] -- Installing: /home/yusuf/ros2_ws/install/levha_detection_system/lib/python3.8/site-packages/levha_detection_system/__init__.py
[4.374s] Compiling '/home/yusuf/ros2_ws/install/levha_detection_system/lib/python3.8/site-packages/levha_detection_system/__init__.py'...
[4.377s] -- Installing: /home/yusuf/ros2_ws/install/levha_detection_system/lib/python3.8/site-packages/levha_detection_system/srv
[4.377s] -- Installing: /home/yusuf/ros2_ws/install/levha_detection_system/lib/python3.8/site-packages/levha_detection_system/srv/_levha_list.py
[4.377s] -- Installing: /home/yusuf/ros2_ws/install/levha_detection_system/lib/python3.8/site-packages/levha_detection_system/srv/_levha_list_s.c
[4.377s] -- Installing: /home/yusuf/ros2_ws/install/levha_detection_system/lib/python3.8/site-packages/levha_detection_system/srv/__init__.py
[4.378s] -- Installing: /home/yusuf/ros2_ws/install/levha_detection_system/lib/python3.8/site-packages/levha_detection_system/levha_detection_system_s__rosidl_typesupport_fastrtps_c.cpython-38-x86_64-linux-gnu.so
[4.378s] -- Set runtime path of "/home/yusuf/ros2_ws/install/levha_detection_system/lib/python3.8/site-packages/levha_detection_system/levha_detection_system_s__rosidl_typesupport_fastrtps_c.cpython-38-x86_64-linux-gnu.so" to ""
[4.379s] -- Installing: /home/yusuf/ros2_ws/install/levha_detection_system/lib/python3.8/site-packages/levha_detection_system/levha_detection_system_s__rosidl_typesupport_introspection_c.cpython-38-x86_64-linux-gnu.so
[4.381s] -- Set runtime path of "/home/yusuf/ros2_ws/install/levha_detection_system/lib/python3.8/site-packages/levha_detection_system/levha_detection_system_s__rosidl_typesupport_introspection_c.cpython-38-x86_64-linux-gnu.so" to ""
[4.382s] -- Installing: /home/yusuf/ros2_ws/install/levha_detection_system/lib/python3.8/site-packages/levha_detection_system/levha_detection_system_s__rosidl_typesupport_c.cpython-38-x86_64-linux-gnu.so
[4.383s] -- Set runtime path of "/home/yusuf/ros2_ws/install/levha_detection_system/lib/python3.8/site-packages/levha_detection_system/levha_detection_system_s__rosidl_typesupport_c.cpython-38-x86_64-linux-gnu.so" to ""
[4.384s] -- Installing: /home/yusuf/ros2_ws/install/levha_detection_system/lib/liblevha_detection_system__python.so
[4.385s] -- Set runtime path of "/home/yusuf/ros2_ws/install/levha_detection_system/lib/liblevha_detection_system__python.so" to ""
[4.385s] -- Installing: /home/yusuf/ros2_ws/install/levha_detection_system/share/levha_detection_system/srv/LevhaList.idl
[4.385s] -- Installing: /home/yusuf/ros2_ws/install/levha_detection_system/share/levha_detection_system/srv/LevhaList.srv
[4.386s] -- Installing: /home/yusuf/ros2_ws/install/levha_detection_system/share/levha_detection_system/srv/LevhaList_Request.msg
[4.386s] -- Installing: /home/yusuf/ros2_ws/install/levha_detection_system/share/levha_detection_system/srv/LevhaList_Response.msg
[4.386s] -- Up-to-date: /home/yusuf/ros2_ws/install/levha_detection_system/lib/python3.8/site-packages/levha_detection_system
[4.387s] -- Installing: /home/yusuf/ros2_ws/install/levha_detection_system/lib/python3.8/site-packages/levha_detection_system/subscriber.py
[4.387s] -- Installing: /home/yusuf/ros2_ws/install/levha_detection_system/lib/python3.8/site-packages/levha_detection_system/server.py
[4.387s] -- Installing: /home/yusuf/ros2_ws/install/levha_detection_system/lib/python3.8/site-packages/levha_detection_system/client.py
[4.387s] -- Installing: /home/yusuf/ros2_ws/install/levha_detection_system/lib/python3.8/site-packages/levha_detection_system/utils.py
[4.387s] -- Installing: /home/yusuf/ros2_ws/install/levha_detection_system/lib/python3.8/site-packages/levha_detection_system/__init__.py
[4.418s] Listing '/home/yusuf/ros2_ws/install/levha_detection_system/lib/python3.8/site-packages/levha_detection_system'...
[4.418s] Compiling '/home/yusuf/ros2_ws/install/levha_detection_system/lib/python3.8/site-packages/levha_detection_system/__init__.py'...
[4.418s] Compiling '/home/yusuf/ros2_ws/install/levha_detection_system/lib/python3.8/site-packages/levha_detection_system/client.py'...
[4.418s] Compiling '/home/yusuf/ros2_ws/install/levha_detection_system/lib/python3.8/site-packages/levha_detection_system/server.py'...
[4.418s] Listing '/home/yusuf/ros2_ws/install/levha_detection_system/lib/python3.8/site-packages/levha_detection_system/srv'...
[4.419s] Compiling '/home/yusuf/ros2_ws/install/levha_detection_system/lib/python3.8/site-packages/levha_detection_system/srv/__init__.py'...
[4.419s] Compiling '/home/yusuf/ros2_ws/install/levha_detection_system/lib/python3.8/site-packages/levha_detection_system/srv/_levha_list.py'...
[4.419s] Compiling '/home/yusuf/ros2_ws/install/levha_detection_system/lib/python3.8/site-packages/levha_detection_system/subscriber.py'...
[4.419s] Compiling '/home/yusuf/ros2_ws/install/levha_detection_system/lib/python3.8/site-packages/levha_detection_system/utils.py'...
[4.421s] -- Installing: /home/yusuf/ros2_ws/install/levha_detection_system/lib/levha_detection_system/server.py
[4.421s] -- Installing: /home/yusuf/ros2_ws/install/levha_detection_system/lib/levha_detection_system/client.py
[4.421s] -- Installing: /home/yusuf/ros2_ws/install/levha_detection_system/lib/levha_detection_system/subscriber.py
[4.421s] -- Installing: /home/yusuf/ros2_ws/install/levha_detection_system/share/levha_detection_system/launch
[4.421s] -- Installing: /home/yusuf/ros2_ws/install/levha_detection_system/share/levha_detection_system/launch/launch.py
[4.422s] -- Installing: /home/yusuf/ros2_ws/install/levha_detection_system/share/ament_index/resource_index/package_run_dependencies/levha_detection_system
[4.422s] -- Installing: /home/yusuf/ros2_ws/install/levha_detection_system/share/ament_index/resource_index/parent_prefix_path/levha_detection_system
[4.422s] -- Installing: /home/yusuf/ros2_ws/install/levha_detection_system/share/levha_detection_system/environment/ament_prefix_path.sh
[4.422s] -- Installing: /home/yusuf/ros2_ws/install/levha_detection_system/share/levha_detection_system/environment/ament_prefix_path.dsv
[4.422s] -- Installing: /home/yusuf/ros2_ws/install/levha_detection_system/share/levha_detection_system/environment/path.sh
[4.423s] -- Installing: /home/yusuf/ros2_ws/install/levha_detection_system/share/levha_detection_system/environment/path.dsv
[4.423s] -- Installing: /home/yusuf/ros2_ws/install/levha_detection_system/share/levha_detection_system/local_setup.bash
[4.423s] -- Installing: /home/yusuf/ros2_ws/install/levha_detection_system/share/levha_detection_system/local_setup.sh
[4.423s] -- Installing: /home/yusuf/ros2_ws/install/levha_detection_system/share/levha_detection_system/local_setup.zsh
[4.423s] -- Installing: /home/yusuf/ros2_ws/install/levha_detection_system/share/levha_detection_system/local_setup.dsv
[4.423s] -- Installing: /home/yusuf/ros2_ws/install/levha_detection_system/share/levha_detection_system/package.dsv
[4.424s] -- Installing: /home/yusuf/ros2_ws/install/levha_detection_system/share/ament_index/resource_index/packages/levha_detection_system
[4.424s] -- Installing: /home/yusuf/ros2_ws/install/levha_detection_system/share/levha_detection_system/cmake/levha_detection_system__rosidl_generator_cExport.cmake
[4.424s] -- Installing: /home/yusuf/ros2_ws/install/levha_detection_system/share/levha_detection_system/cmake/levha_detection_system__rosidl_generator_cExport-noconfig.cmake
[4.424s] -- Installing: /home/yusuf/ros2_ws/install/levha_detection_system/share/levha_detection_system/cmake/levha_detection_system__rosidl_typesupport_introspection_cExport.cmake
[4.424s] -- Installing: /home/yusuf/ros2_ws/install/levha_detection_system/share/levha_detection_system/cmake/levha_detection_system__rosidl_typesupport_introspection_cExport-noconfig.cmake
[4.425s] -- Installing: /home/yusuf/ros2_ws/install/levha_detection_system/share/levha_detection_system/cmake/levha_detection_system__rosidl_typesupport_cExport.cmake
[4.425s] -- Installing: /home/yusuf/ros2_ws/install/levha_detection_system/share/levha_detection_system/cmake/levha_detection_system__rosidl_typesupport_cExport-noconfig.cmake
[4.425s] -- Installing: /home/yusuf/ros2_ws/install/levha_detection_system/share/levha_detection_system/cmake/levha_detection_system__rosidl_generator_cppExport.cmake
[4.425s] -- Installing: /home/yusuf/ros2_ws/install/levha_detection_system/share/levha_detection_system/cmake/levha_detection_system__rosidl_typesupport_introspection_cppExport.cmake
[4.425s] -- Installing: /home/yusuf/ros2_ws/install/levha_detection_system/share/levha_detection_system/cmake/levha_detection_system__rosidl_typesupport_introspection_cppExport-noconfig.cmake
[4.426s] -- Installing: /home/yusuf/ros2_ws/install/levha_detection_system/share/levha_detection_system/cmake/levha_detection_system__rosidl_typesupport_cppExport.cmake
[4.426s] -- Installing: /home/yusuf/ros2_ws/install/levha_detection_system/share/levha_detection_system/cmake/levha_detection_system__rosidl_typesupport_cppExport-noconfig.cmake
[4.426s] -- Installing: /home/yusuf/ros2_ws/install/levha_detection_system/share/levha_detection_system/cmake/rosidl_cmake-extras.cmake
[4.426s] -- Installing: /home/yusuf/ros2_ws/install/levha_detection_system/share/levha_detection_system/cmake/ament_cmake_export_dependencies-extras.cmake
[4.426s] -- Installing: /home/yusuf/ros2_ws/install/levha_detection_system/share/levha_detection_system/cmake/ament_cmake_export_libraries-extras.cmake
[4.426s] -- Installing: /home/yusuf/ros2_ws/install/levha_detection_system/share/levha_detection_system/cmake/ament_cmake_export_targets-extras.cmake
[4.427s] -- Installing: /home/yusuf/ros2_ws/install/levha_detection_system/share/levha_detection_system/cmake/ament_cmake_export_include_directories-extras.cmake
[4.427s] -- Installing: /home/yusuf/ros2_ws/install/levha_detection_system/share/levha_detection_system/cmake/rosidl_cmake_export_typesupport_libraries-extras.cmake
[4.427s] -- Installing: /home/yusuf/ros2_ws/install/levha_detection_system/share/levha_detection_system/cmake/rosidl_cmake_export_typesupport_targets-extras.cmake
[4.427s] -- Installing: /home/yusuf/ros2_ws/install/levha_detection_system/share/levha_detection_system/cmake/levha_detection_systemConfig.cmake
[4.427s] -- Installing: /home/yusuf/ros2_ws/install/levha_detection_system/share/levha_detection_system/cmake/levha_detection_systemConfig-version.cmake
[4.427s] -- Installing: /home/yusuf/ros2_ws/install/levha_detection_system/share/levha_detection_system/package.xml
[4.431s] Invoked command in '/home/yusuf/ros2_ws/build/levha_detection_system' returned '0': CMAKE_PREFIX_PATH=/opt/ros/foxy /usr/bin/cmake --install /home/yusuf/ros2_ws/build/levha_detection_system
